<?xml version="1.0" encoding="UTF-8"?>
<testsuite xmlns:xsi="http://www.w3.org/2001/XMLSchema-instance" xsi:noNamespaceSchemaLocation="https://maven.apache.org/surefire/maven-surefire-plugin/xsd/surefire-test-report-3.0.xsd" version="3.0" name="com._BCI0317.hitwicket.HitwicketApplicationTests" time="7.105" tests="1" errors="0" skipped="0" failures="0">
  <properties>
[...]
</properties>
  <testcase name="contextLoads" classname="com._BCI0317.hitwicket.HitwicketApplicationTests" time="2.116">
    <system-out><![CDATA[20:57:19.614 [main] INFO org.springframework.test.context.support.AnnotationConfigContextLoaderUtils -- Could not detect default configuration classes for test class [com._BCI0317.hitwicket.HitwicketApplicationTests]: HitwicketApplicationTests does not declare any static, non-private, non-final, nested classes annotated with @Configuration.
20:57:19.887 [main] INFO org.springframework.boot.test.context.SpringBootTestContextBootstrapper -- Found @SpringBootConfiguration com._BCI0317.hitwicket.HitwicketApplication for test class com._BCI0317.hitwicket.HitwicketApplicationTests
20:57:20.390 [main] INFO org.springframework.boot.devtools.restart.RestartApplicationListener -- Restart disabled due to context in which it is running

  .   ____          _            __ _ _
 /\\ / ___'_ __ _ _(_)_ __  __ _ \ \ \ \
( ( )\___ | '_ | '_| | '_ \/ _` | \ \ \ \
 \\/  ___)| |_)| | | | | || (_| |  ) ) ) )
  '  |____| .__|_| |_|_| |_\__, | / / / /
 =========|_|==============|___/=/_/_/_/

 :: Spring Boot ::                (v3.3.3)

2024-08-25T20:57:21.005+05:30  INFO 31500 --- [hitwicket] [           main] c._.hitwicket.HitwicketApplicationTests  : Starting HitwicketApplicationTests using Java 17.0.8 with PID 31500 (started by Trisha in C:\Users\Public\Hitwicket\hitwicket)
2024-08-25T20:57:21.007+05:30  INFO 31500 --- [hitwicket] [           main] c._.hitwicket.HitwicketApplicationTests  : No active profile set, falling back to 1 default profile: "default"
2024-08-25T20:57:24.127+05:30  INFO 31500 --- [hitwicket] [           main] o.s.m.s.b.SimpleBrokerMessageHandler     : Starting...
2024-08-25T20:57:24.142+05:30  INFO 31500 --- [hitwicket] [           main] o.s.m.s.b.SimpleBrokerMessageHandler     : BrokerAvailabilityEvent[available=true, SimpleBrokerMessageHandler [org.springframework.messaging.simp.broker.DefaultSubscriptionRegistry@3a3ed300]]
2024-08-25T20:57:24.143+05:30  INFO 31500 --- [hitwicket] [           main] o.s.m.s.b.SimpleBrokerMessageHandler     : Started.
2024-08-25T20:57:24.159+05:30  INFO 31500 --- [hitwicket] [           main] c._.hitwicket.HitwicketApplicationTests  : Started HitwicketApplicationTests in 3.803 seconds (process running for 6.134)
]]></system-out>
  </testcase>
</testsuite>